--------------------------------------------------------------------------------
Release 14.7 Trace  (nt64)
Copyright (c) 1995-2013 Xilinx, Inc.  All rights reserved.

S:\14.7\ISE_DS\ISE\bin\nt64\unwrapped\trce.exe -intstyle ise -v 3 -s 3 -n 3
-fastpaths -xml newfourx4.twx newfourx4.ncd -o newfourx4.twr newfourx4.pcf

Design file:              newfourx4.ncd
Physical constraint file: newfourx4.pcf
Device,package,speed:     xc7a100t,csg324,C,-3 (PRODUCTION 1.10 2013-10-13)
Report level:             verbose report

Environment Variable      Effect 
--------------------      ------ 
NONE                      No environment variables were set
--------------------------------------------------------------------------------

INFO:Timing:2698 - No timing constraints found, doing default enumeration.
INFO:Timing:3412 - To improve timing, see the Timing Closure User Guide (UG612).
INFO:Timing:2752 - To get complete path coverage, use the unconstrained paths 
   option. All paths that are not constrained will be reported in the 
   unconstrained paths section(s) of the report.
INFO:Timing:3339 - The clock-to-out numbers in this timing report are based on 
   a 50 Ohm transmission line loading model.  For the details of this model, 
   and for more information on accounting for different loading conditions, 
   please see the device datasheet.



Data Sheet report:
-----------------
All values displayed in nanoseconds (ns)

Pad to Pad
---------------+---------------+---------+
Source Pad     |Destination Pad|  Delay  |
---------------+---------------+---------+
X<0>           |Z<0>           |    5.441|
X<0>           |Z<1>           |    5.607|
X<0>           |Z<2>           |    5.652|
X<0>           |Z<3>           |    6.407|
X<0>           |Z<4>           |    6.728|
X<0>           |Z<5>           |    7.089|
X<0>           |Z<6>           |    7.109|
X<0>           |Z<7>           |    7.964|
X<1>           |Z<1>           |    5.747|
X<1>           |Z<2>           |    5.497|
X<1>           |Z<3>           |    6.387|
X<1>           |Z<4>           |    6.773|
X<1>           |Z<5>           |    7.134|
X<1>           |Z<6>           |    7.154|
X<1>           |Z<7>           |    7.950|
X<2>           |Z<2>           |    5.473|
X<2>           |Z<3>           |    6.545|
X<2>           |Z<4>           |    6.806|
X<2>           |Z<5>           |    7.163|
X<2>           |Z<6>           |    7.183|
X<2>           |Z<7>           |    8.100|
X<3>           |Z<3>           |    5.875|
X<3>           |Z<4>           |    6.342|
X<3>           |Z<5>           |    6.703|
X<3>           |Z<6>           |    6.723|
X<3>           |Z<7>           |    7.442|
Y<0>           |Z<0>           |    5.369|
Y<0>           |Z<1>           |    5.545|
Y<0>           |Z<2>           |    5.227|
Y<0>           |Z<3>           |    6.324|
Y<0>           |Z<4>           |    6.645|
Y<0>           |Z<5>           |    7.006|
Y<0>           |Z<6>           |    7.026|
Y<0>           |Z<7>           |    7.881|
Y<1>           |Z<1>           |    5.326|
Y<1>           |Z<2>           |    5.419|
Y<1>           |Z<3>           |    6.525|
Y<1>           |Z<4>           |    6.786|
Y<1>           |Z<5>           |    7.143|
Y<1>           |Z<6>           |    7.163|
Y<1>           |Z<7>           |    8.080|
Y<2>           |Z<2>           |    5.662|
Y<2>           |Z<3>           |    6.494|
Y<2>           |Z<4>           |    6.755|
Y<2>           |Z<5>           |    7.112|
Y<2>           |Z<6>           |    7.132|
Y<2>           |Z<7>           |    8.049|
Y<3>           |Z<3>           |    6.418|
Y<3>           |Z<4>           |    6.679|
Y<3>           |Z<5>           |    7.036|
Y<3>           |Z<6>           |    7.056|
Y<3>           |Z<7>           |    7.973|
---------------+---------------+---------+


Analysis completed Tue Jan 07 21:57:28 2020 
--------------------------------------------------------------------------------

Trace Settings:
-------------------------
Trace Settings 

Peak Memory Usage: 4951 MB



